Arguments: 
  /usr/bin/node /usr/bin/yarn install

PATH: 
  /usr/local/sbin:/usr/local/bin:/usr/bin:/usr/lib/jvm/default/bin:/usr/bin/site_perl:/usr/bin/vendor_perl:/usr/bin/core_perl:/opt/Siemens/nx110/ugii:/celPool/celData/Works/projects/Supercon_ecp5Toolchain/ecp5-toolchain-linux_x86_64-v1.6.1/bin/:/home/benwis/scripts:/home/benwis/.local/bin:/usr/lib/jvm/default/bin:/opt/Siemens/nx110/ugii:/celPool/celData/Works/projects/Supercon_ecp5Toolchain/ecp5-toolchain-linux_x86_64-v1.6.1/bin/:/home/benwis/scripts:/home/benwis/.local/bin

Yarn version: 
  1.22.10

Node version: 
  15.7.0

Platform: 
  linux x64

Trace: 
  Error: https://registry.yarnpkg.com/@remix-run%2fcli: Not found
      at Request.params.callback [as _callback] (/usr/lib/node_modules/yarn/lib/cli.js:66988:18)
      at Request.self.callback (/usr/lib/node_modules/yarn/lib/cli.js:140749:22)
      at Request.emit (node:events:379:20)
      at Request.<anonymous> (/usr/lib/node_modules/yarn/lib/cli.js:141721:10)
      at Request.emit (node:events:379:20)
      at IncomingMessage.<anonymous> (/usr/lib/node_modules/yarn/lib/cli.js:141643:12)
      at Object.onceWrapper (node:events:485:28)
      at IncomingMessage.emit (node:events:391:22)
      at endReadableNT (node:internal/streams/readable:1307:12)
      at processTicksAndRejections (node:internal/process/task_queues:81:21)

npm manifest: 
  {
    "name": "remix-starter-vercel",
    "private": true,
    "version": "1.0.0",
    "scripts": {
      "predeploy": "remix build",
      "deploy": "vercel",
      "start": "concurrently \"remix run\" \"vercel dev\""
    },
    "dependencies": {
      "@remix-run/cli": "^0.12.0",
      "@remix-run/data": "^0.12.0",
      "@remix-run/react": "^0.12.0",
      "@remix-run/vercel": "^0.12.0",
      "@vercel/node": "1.8.3",
      "react": "^17.0.1",
      "react-dom": "^17.0.1",
      "react-router": "^6.0.0-beta.0",
      "react-router-dom": "^6.0.0-beta.0"
    },
    "devDependencies": {
      "@types/react": "^17.0.0",
      "@types/react-dom": "^17.0.0",
      "concurrently": "^5.3.0",
      "typescript": "^4.1.2",
      "vercel": "^21.2.2"
    }
  }

yarn manifest: 
  No manifest

Lockfile: 
  No lockfile
